<?xml version="1.0" encoding="UTF-8"?>
<testng-results ignored="0" total="4" passed="4" failed="0" skipped="0">
  <reporter-output>
  </reporter-output>
  <suite started-at="2023-10-27T18:39:53 IST" name="Suite" finished-at="2023-10-27T18:41:12 IST" duration-ms="78266">
    <groups>
    </groups>
    <test started-at="2023-10-27T18:39:53 IST" name="Test" finished-at="2023-10-27T18:41:12 IST" duration-ms="78266">
      <class name="testscripts.regression.ValidateLoginUsingDataProvider">
        <test-method is-config="true" signature="fileSetUp()[pri:0, instance:testscripts.regression.ValidateLoginUsingDataProvider@712625fd]" started-at="2023-10-27T18:39:53 IST" name="fileSetUp" finished-at="2023-10-27T18:39:53 IST" duration-ms="9" status="PASS">
          <reporter-output>
          </reporter-output>
        </test-method> <!-- fileSetUp -->
        <test-method is-config="true" signature="setup()[pri:0, instance:testscripts.regression.ValidateLoginUsingDataProvider@712625fd]" started-at="2023-10-27T18:39:53 IST" name="setup" finished-at="2023-10-27T18:40:08 IST" duration-ms="15032" status="PASS">
          <reporter-output>
          </reporter-output>
        </test-method> <!-- setup -->
        <test-method signature="validateLoginTest(java.lang.String,java.lang.String,java.lang.String)[pri:0, instance:testscripts.regression.ValidateLoginUsingDataProvider@712625fd]" started-at="2023-10-27T18:40:08 IST" name="validateLoginTest" data-provider="getData" finished-at="2023-10-27T18:40:10 IST" duration-ms="1379" status="PASS">
          <params>
            <param index="0">
              <value>
                <![CDATA[jaydeep99]]>
              </value>
            </param>
            <param index="1">
              <value>
                <![CDATA[jaydeep123]]>
              </value>
            </param>
            <param index="2">
              <value>
                <![CDATA[Adactin.com - Search Hotel]]>
              </value>
            </param>
          </params>
          <reporter-output>
          </reporter-output>
        </test-method> <!-- validateLoginTest -->
        <test-method is-config="true" signature="teardown()[pri:0, instance:testscripts.regression.ValidateLoginUsingDataProvider@712625fd]" started-at="2023-10-27T18:40:10 IST" name="teardown" finished-at="2023-10-27T18:40:15 IST" duration-ms="5318" status="PASS">
          <reporter-output>
          </reporter-output>
        </test-method> <!-- teardown -->
        <test-method is-config="true" signature="setup()[pri:0, instance:testscripts.regression.ValidateLoginUsingDataProvider@712625fd]" started-at="2023-10-27T18:40:15 IST" name="setup" finished-at="2023-10-27T18:40:28 IST" duration-ms="13164" status="PASS">
          <reporter-output>
          </reporter-output>
        </test-method> <!-- setup -->
        <test-method signature="validateLoginTest(java.lang.String,java.lang.String,java.lang.String)[pri:0, instance:testscripts.regression.ValidateLoginUsingDataProvider@712625fd]" started-at="2023-10-27T18:40:28 IST" name="validateLoginTest" data-provider="getData" finished-at="2023-10-27T18:40:29 IST" duration-ms="539" status="PASS">
          <params>
            <param index="0">
              <value>
                <![CDATA[jaydeep99]]>
              </value>
            </param>
            <param index="1">
              <value>
                <![CDATA[jaydeep456]]>
              </value>
            </param>
            <param index="2">
              <value>
                <![CDATA[Adactin.com - Hotel Reservation System]]>
              </value>
            </param>
          </params>
          <reporter-output>
          </reporter-output>
        </test-method> <!-- validateLoginTest -->
        <test-method is-config="true" signature="teardown()[pri:0, instance:testscripts.regression.ValidateLoginUsingDataProvider@712625fd]" started-at="2023-10-27T18:40:29 IST" name="teardown" finished-at="2023-10-27T18:40:34 IST" duration-ms="5245" status="PASS">
          <reporter-output>
          </reporter-output>
        </test-method> <!-- teardown -->
        <test-method is-config="true" signature="setup()[pri:0, instance:testscripts.regression.ValidateLoginUsingDataProvider@712625fd]" started-at="2023-10-27T18:40:34 IST" name="setup" finished-at="2023-10-27T18:40:47 IST" duration-ms="12656" status="PASS">
          <reporter-output>
          </reporter-output>
        </test-method> <!-- setup -->
        <test-method signature="validateLoginTest(java.lang.String,java.lang.String,java.lang.String)[pri:0, instance:testscripts.regression.ValidateLoginUsingDataProvider@712625fd]" started-at="2023-10-27T18:40:47 IST" name="validateLoginTest" data-provider="getData" finished-at="2023-10-27T18:40:47 IST" duration-ms="637" status="PASS">
          <params>
            <param index="0">
              <value>
                <![CDATA[jaydeep1212]]>
              </value>
            </param>
            <param index="1">
              <value>
                <![CDATA[jaydeep12]]>
              </value>
            </param>
            <param index="2">
              <value>
                <![CDATA[Adactin.com - Hotel Reservation System]]>
              </value>
            </param>
          </params>
          <reporter-output>
          </reporter-output>
        </test-method> <!-- validateLoginTest -->
        <test-method is-config="true" signature="teardown()[pri:0, instance:testscripts.regression.ValidateLoginUsingDataProvider@712625fd]" started-at="2023-10-27T18:40:47 IST" name="teardown" finished-at="2023-10-27T18:40:53 IST" duration-ms="5278" status="PASS">
          <reporter-output>
          </reporter-output>
        </test-method> <!-- teardown -->
        <test-method is-config="true" signature="setup()[pri:0, instance:testscripts.regression.ValidateLoginUsingDataProvider@712625fd]" started-at="2023-10-27T18:40:53 IST" name="setup" finished-at="2023-10-27T18:41:06 IST" duration-ms="13079" status="PASS">
          <reporter-output>
          </reporter-output>
        </test-method> <!-- setup -->
        <test-method signature="validateLoginTest(java.lang.String,java.lang.String,java.lang.String)[pri:0, instance:testscripts.regression.ValidateLoginUsingDataProvider@712625fd]" started-at="2023-10-27T18:41:06 IST" name="validateLoginTest" data-provider="getData" finished-at="2023-10-27T18:41:06 IST" duration-ms="602" status="PASS">
          <params>
            <param index="0">
              <value>
                <![CDATA[jaydeep1212]]>
              </value>
            </param>
            <param index="1">
              <value>
                <![CDATA[jaydeep456]]>
              </value>
            </param>
            <param index="2">
              <value>
                <![CDATA[Adactin.com - Hotel Reservation System]]>
              </value>
            </param>
          </params>
          <reporter-output>
          </reporter-output>
        </test-method> <!-- validateLoginTest -->
        <test-method is-config="true" signature="teardown()[pri:0, instance:testscripts.regression.ValidateLoginUsingDataProvider@712625fd]" started-at="2023-10-27T18:41:06 IST" name="teardown" finished-at="2023-10-27T18:41:12 IST" duration-ms="5275" status="PASS">
          <reporter-output>
          </reporter-output>
        </test-method> <!-- teardown -->
      </class> <!-- testscripts.regression.ValidateLoginUsingDataProvider -->
    </test> <!-- Test -->
  </suite> <!-- Suite -->
</testng-results>
