<?xml version="1.0" encoding="UTF-8"?>
<!-- Generated by org.testng.reporters.JUnitXMLReporter -->
<testsuite ignored="0" hostname="LAPTOP-OFQEUEP0" failures="0" tests="4" name="Test" time="78.266" errors="0" timestamp="2023-10-27T18:41:12 IST">
  <testcase classname="testscripts.regression.ValidateLoginUsingDataProvider" name="validateLoginTest" time="1.379"/>
  <testcase classname="testscripts.regression.ValidateLoginUsingDataProvider" name="validateLoginTest" time="0.539"/>
  <testcase classname="testscripts.regression.ValidateLoginUsingDataProvider" name="validateLoginTest" time="0.637"/>
  <testcase classname="testscripts.regression.ValidateLoginUsingDataProvider" name="validateLoginTest" time="0.602"/>
</testsuite> <!-- Test -->
